<?xml version="1.0" encoding="UTF-8"?>
<testng-results ignored="0" total="2" passed="2" failed="0" skipped="0">
  <reporter-output>
  </reporter-output>
  <suite started-at="2023-11-01T21:53:36 CDT" name="Default suite" finished-at="2023-11-01T21:53:41 CDT" duration-ms="5272">
    <groups>
      <group name="smoke">
        <method signature="Test1.testcase2()[pri:1, instance:Testcases.Test1@243c4f91]" name="testcase2" class="Testcases.Test1"/>
      </group> <!-- smoke -->
      <group name="Regression">
        <method signature="Test1.open()[pri:2, instance:Testcases.Test1@243c4f91]" name="open" class="Testcases.Test1"/>
      </group> <!-- Regression -->
    </groups>
    <test started-at="2023-11-01T21:53:36 CDT" name="Default test" finished-at="2023-11-01T21:53:41 CDT" duration-ms="5272">
      <class name="Testcases.Test1">
        <test-method is-config="true" signature="get()[pri:0, instance:Testcases.Test1@243c4f91]" started-at="2023-11-01T21:53:36 CDT" name="get" finished-at="2023-11-01T21:53:41 CDT" duration-ms="4977" status="PASS">
          <reporter-output>
          </reporter-output>
        </test-method> <!-- get -->
        <test-method signature="testcase2()[pri:1, instance:Testcases.Test1@243c4f91]" started-at="2023-11-01T21:53:41 CDT" name="testcase2" finished-at="2023-11-01T21:53:41 CDT" duration-ms="21" status="PASS">
          <reporter-output>
          </reporter-output>
        </test-method> <!-- testcase2 -->
        <test-method signature="open()[pri:2, instance:Testcases.Test1@243c4f91]" started-at="2023-11-01T21:53:41 CDT" name="open" finished-at="2023-11-01T21:53:41 CDT" duration-ms="4" status="PASS">
          <reporter-output>
          </reporter-output>
        </test-method> <!-- open -->
        <test-method is-config="true" signature="close()[pri:0, instance:Testcases.Test1@243c4f91]" started-at="2023-11-01T21:53:41 CDT" name="close" finished-at="2023-11-01T21:53:41 CDT" duration-ms="180" status="PASS">
          <reporter-output>
          </reporter-output>
        </test-method> <!-- close -->
      </class> <!-- Testcases.Test1 -->
    </test> <!-- Default test -->
  </suite> <!-- Default suite -->
</testng-results>
